[0m15:02:07.571205 [debug] [MainThread]: Sending event: {'category': 'dbt', 'action': 'invocation', 'label': 'start', 'context': [<snowplow_tracker.self_describing_json.SelfDescribingJson object at 0x7f591be34ed0>, <snowplow_tracker.self_describing_json.SelfDescribingJson object at 0x7f591be37d10>, <snowplow_tracker.self_describing_json.SelfDescribingJson object at 0x7f591be376d0>]}


============================== 15:02:07.575498 | 2ec564ca-08af-4fad-b6ed-9230fad61ebd ==============================
[0m15:02:07.575498 [info ] [MainThread]: Running with dbt=1.8.0
[0m15:02:07.575812 [debug] [MainThread]: running dbt with arguments {'printer_width': '80', 'indirect_selection': 'eager', 'write_json': 'True', 'log_cache_events': 'False', 'partial_parse': 'True', 'cache_selected_only': 'False', 'warn_error': 'None', 'fail_fast': 'False', 'profiles_dir': '/app/dbt', 'log_path': 'logs', 'debug': 'False', 'version_check': 'True', 'use_colors': 'True', 'use_experimental_parser': 'False', 'no_print': 'None', 'quiet': 'False', 'log_format': 'default', 'invocation_command': 'dbt debug --project-dir /app/dbt --profiles-dir /app/dbt', 'introspect': 'True', 'warn_error_options': 'WarnErrorOptions(include=[], exclude=[])', 'target_path': 'None', 'static_parser': 'True', 'send_anonymous_usage_stats': 'True'}
[0m15:02:07.580477 [info ] [MainThread]: dbt version: 1.8.0
[0m15:02:07.580677 [info ] [MainThread]: python version: 3.11.15
[0m15:02:07.580857 [info ] [MainThread]: python path: /usr/local/bin/python3.11
[0m15:02:07.581020 [info ] [MainThread]: os info: Linux-6.12.77-1-MANJARO-x86_64-with-glibc2.41
[0m15:02:07.581191 [info ] [MainThread]: Using profiles dir at /app/dbt
[0m15:02:07.581356 [info ] [MainThread]: Using profiles.yml file at /app/dbt/profiles.yml
[0m15:02:07.581507 [info ] [MainThread]: Using dbt_project.yml file at /app/dbt/dbt_project.yml
[0m15:02:07.581672 [info ] [MainThread]: Configuration:
[0m15:02:07.581819 [info ] [MainThread]:   profiles.yml file [[31mERROR not found[0m]
[0m15:02:07.581967 [info ] [MainThread]:   dbt_project.yml file [[31mERROR not found[0m]
[0m15:02:07.582112 [info ] [MainThread]: Required dependencies:
[0m15:02:07.582269 [debug] [MainThread]: Executing "git --help"
[0m15:02:07.583579 [debug] [MainThread]: STDOUT: "b"usage: git [-v | --version] [-h | --help] [-C <path>] [-c <name>=<value>]\n           [--exec-path[=<path>]] [--html-path] [--man-path] [--info-path]\n           [-p | --paginate | -P | --no-pager] [--no-replace-objects] [--no-lazy-fetch]\n           [--no-optional-locks] [--no-advice] [--bare] [--git-dir=<path>]\n           [--work-tree=<path>] [--namespace=<name>] [--config-env=<name>=<envvar>]\n           <command> [<args>]\n\nThese are common Git commands used in various situations:\n\nstart a working area (see also: git help tutorial)\n   clone     Clone a repository into a new directory\n   init      Create an empty Git repository or reinitialize an existing one\n\nwork on the current change (see also: git help everyday)\n   add       Add file contents to the index\n   mv        Move or rename a file, a directory, or a symlink\n   restore   Restore working tree files\n   rm        Remove files from the working tree and from the index\n\nexamine the history and state (see also: git help revisions)\n   bisect    Use binary search to find the commit that introduced a bug\n   diff      Show changes between commits, commit and working tree, etc\n   grep      Print lines matching a pattern\n   log       Show commit logs\n   show      Show various types of objects\n   status    Show the working tree status\n\ngrow, mark and tweak your common history\n   branch    List, create, or delete branches\n   commit    Record changes to the repository\n   merge     Join two or more development histories together\n   rebase    Reapply commits on top of another base tip\n   reset     Reset current HEAD to the specified state\n   switch    Switch branches\n   tag       Create, list, delete or verify a tag object signed with GPG\n\ncollaborate (see also: git help workflows)\n   fetch     Download objects and refs from another repository\n   pull      Fetch from and integrate with another repository or a local branch\n   push      Update remote refs along with associated objects\n\n'git help -a' and 'git help -g' list available subcommands and some\nconcept guides. See 'git help <command>' or 'git help <concept>'\nto read about a specific subcommand or concept.\nSee 'git help git' for an overview of the system.\n""
[0m15:02:07.583774 [debug] [MainThread]: STDERR: "b''"
[0m15:02:07.583912 [info ] [MainThread]:  - git [[32mOK found[0m]

[0m15:02:07.584068 [info ] [MainThread]: Connection test skipped since no profile was found
[0m15:02:07.584258 [info ] [MainThread]: [31m2 checks failed:[0m
[0m15:02:07.584415 [info ] [MainThread]: dbt looked for a profiles.yml file in /app/dbt/profiles.yml, but did
not find one. For more information on configuring your profile, consult the
documentation:

https://docs.getdbt.com/docs/configure-your-profile


[0m15:02:07.584638 [info ] [MainThread]: Project loading failed for the following reason:
 project path </app/dbt/dbt_project.yml> not found

[0m15:02:07.585049 [debug] [MainThread]: Resource report: {"command_name": "debug", "command_wall_clock_time": 0.04942464, "process_user_time": 0.761017, "process_kernel_time": 0.093095, "process_mem_max_rss": "101276", "process_out_blocks": "72", "command_success": false, "process_in_blocks": "0"}
[0m15:02:07.585266 [debug] [MainThread]: Command `dbt debug` failed at 15:02:07.585208 after 0.05 seconds
[0m15:02:07.585491 [debug] [MainThread]: Sending event: {'category': 'dbt', 'action': 'invocation', 'label': 'end', 'context': [<snowplow_tracker.self_describing_json.SelfDescribingJson object at 0x7f591be66210>, <snowplow_tracker.self_describing_json.SelfDescribingJson object at 0x7f591be66290>, <snowplow_tracker.self_describing_json.SelfDescribingJson object at 0x7f591bdd6d90>]}
[0m15:02:07.585668 [debug] [MainThread]: Flushing usage events
[0m16:16:14.813207 [debug] [MainThread]: Sending event: {'category': 'dbt', 'action': 'invocation', 'label': 'start', 'context': [<snowplow_tracker.self_describing_json.SelfDescribingJson object at 0x7fc4a2a92410>, <snowplow_tracker.self_describing_json.SelfDescribingJson object at 0x7fc4a2c1f610>, <snowplow_tracker.self_describing_json.SelfDescribingJson object at 0x7fc4a2c1fb90>]}


============================== 16:16:14.814921 | 678a7ea9-923d-43c3-b68a-73fa478ef410 ==============================
[0m16:16:14.814921 [info ] [MainThread]: Running with dbt=1.8.0
[0m16:16:14.815217 [debug] [MainThread]: running dbt with arguments {'printer_width': '80', 'indirect_selection': 'eager', 'log_cache_events': 'False', 'write_json': 'True', 'partial_parse': 'True', 'cache_selected_only': 'False', 'warn_error': 'None', 'fail_fast': 'False', 'debug': 'False', 'log_path': 'logs', 'version_check': 'True', 'profiles_dir': '/root/.dbt', 'use_colors': 'True', 'use_experimental_parser': 'False', 'no_print': 'None', 'quiet': 'False', 'log_format': 'default', 'static_parser': 'True', 'introspect': 'True', 'invocation_command': 'dbt debug', 'target_path': 'None', 'warn_error_options': 'WarnErrorOptions(include=[], exclude=[])', 'send_anonymous_usage_stats': 'True'}
[0m16:16:14.819623 [info ] [MainThread]: dbt version: 1.8.0
[0m16:16:14.819836 [info ] [MainThread]: python version: 3.11.15
[0m16:16:14.820033 [info ] [MainThread]: python path: /usr/local/bin/python3.11
[0m16:16:14.820206 [info ] [MainThread]: os info: Linux-6.12.77-1-MANJARO-x86_64-with-glibc2.41
[0m16:16:14.820394 [info ] [MainThread]: Using profiles dir at /root/.dbt
[0m16:16:14.820563 [info ] [MainThread]: Using profiles.yml file at /root/.dbt/profiles.yml
[0m16:16:14.820722 [info ] [MainThread]: Using dbt_project.yml file at /app/dbt_project.yml
[0m16:16:14.820890 [info ] [MainThread]: Configuration:
[0m16:16:14.821043 [info ] [MainThread]:   profiles.yml file [[31mERROR not found[0m]
[0m16:16:14.821202 [info ] [MainThread]:   dbt_project.yml file [[31mERROR not found[0m]
[0m16:16:14.821366 [info ] [MainThread]: Required dependencies:
[0m16:16:14.821550 [debug] [MainThread]: Executing "git --help"
[0m16:16:14.822781 [debug] [MainThread]: STDOUT: "b"usage: git [-v | --version] [-h | --help] [-C <path>] [-c <name>=<value>]\n           [--exec-path[=<path>]] [--html-path] [--man-path] [--info-path]\n           [-p | --paginate | -P | --no-pager] [--no-replace-objects] [--no-lazy-fetch]\n           [--no-optional-locks] [--no-advice] [--bare] [--git-dir=<path>]\n           [--work-tree=<path>] [--namespace=<name>] [--config-env=<name>=<envvar>]\n           <command> [<args>]\n\nThese are common Git commands used in various situations:\n\nstart a working area (see also: git help tutorial)\n   clone     Clone a repository into a new directory\n   init      Create an empty Git repository or reinitialize an existing one\n\nwork on the current change (see also: git help everyday)\n   add       Add file contents to the index\n   mv        Move or rename a file, a directory, or a symlink\n   restore   Restore working tree files\n   rm        Remove files from the working tree and from the index\n\nexamine the history and state (see also: git help revisions)\n   bisect    Use binary search to find the commit that introduced a bug\n   diff      Show changes between commits, commit and working tree, etc\n   grep      Print lines matching a pattern\n   log       Show commit logs\n   show      Show various types of objects\n   status    Show the working tree status\n\ngrow, mark and tweak your common history\n   branch    List, create, or delete branches\n   commit    Record changes to the repository\n   merge     Join two or more development histories together\n   rebase    Reapply commits on top of another base tip\n   reset     Reset current HEAD to the specified state\n   switch    Switch branches\n   tag       Create, list, delete or verify a tag object signed with GPG\n\ncollaborate (see also: git help workflows)\n   fetch     Download objects and refs from another repository\n   pull      Fetch from and integrate with another repository or a local branch\n   push      Update remote refs along with associated objects\n\n'git help -a' and 'git help -g' list available subcommands and some\nconcept guides. See 'git help <command>' or 'git help <concept>'\nto read about a specific subcommand or concept.\nSee 'git help git' for an overview of the system.\n""
[0m16:16:14.822975 [debug] [MainThread]: STDERR: "b''"
[0m16:16:14.823136 [info ] [MainThread]:  - git [[32mOK found[0m]

[0m16:16:14.823298 [info ] [MainThread]: Connection test skipped since no profile was found
[0m16:16:14.823509 [info ] [MainThread]: [31m2 checks failed:[0m
[0m16:16:14.823674 [info ] [MainThread]: dbt looked for a profiles.yml file in /root/.dbt/profiles.yml, but did
not find one. For more information on configuring your profile, consult the
documentation:

https://docs.getdbt.com/docs/configure-your-profile


[0m16:16:14.823843 [info ] [MainThread]: Project loading failed for the following reason:
 project path </app/dbt_project.yml> not found

[0m16:16:14.824285 [debug] [MainThread]: Resource report: {"command_name": "debug", "command_wall_clock_time": 0.04661824, "process_user_time": 0.776926, "process_kernel_time": 0.082663, "process_mem_max_rss": "100100", "process_in_blocks": "2584", "process_out_blocks": "16", "command_success": false}
[0m16:16:14.824521 [debug] [MainThread]: Command `dbt debug` failed at 16:16:14.824459 after 0.05 seconds
[0m16:16:14.824759 [debug] [MainThread]: Sending event: {'category': 'dbt', 'action': 'invocation', 'label': 'end', 'context': [<snowplow_tracker.self_describing_json.SelfDescribingJson object at 0x7fc4a2a30750>, <snowplow_tracker.self_describing_json.SelfDescribingJson object at 0x7fc4a2a6a4d0>, <snowplow_tracker.self_describing_json.SelfDescribingJson object at 0x7fc4a2a92110>]}
[0m16:16:14.824953 [debug] [MainThread]: Flushing usage events
